<?xml version="1.0" encoding="UTF-8"?>
<testng-results skipped="0" failed="0" ignored="0" total="1" passed="1">
  <reporter-output>
  </reporter-output>
  <suite name="Default suite" duration-ms="26541" started-at="2017-12-03T03:29:11Z" finished-at="2017-12-03T03:29:38Z">
    <groups>
    </groups>
    <test name="Default test" duration-ms="26541" started-at="2017-12-03T03:29:11Z" finished-at="2017-12-03T03:29:38Z">
      <class name="testcases.TC_003_SampleSignInandSignOut">
        <test-method status="PASS" signature="setUp()[pri:0, instance:testcases.TC_003_SampleSignInandSignOut@16c48ac]" name="setUp" is-config="true" duration-ms="11804" started-at="2017-12-03T08:59:11Z" finished-at="2017-12-03T08:59:23Z">
          <reporter-output>
          </reporter-output>
        </test-method> <!-- setUp -->
        <test-method status="PASS" signature="loginIntoApp()[pri:0, instance:testcases.TC_003_SampleSignInandSignOut@16c48ac]" name="loginIntoApp" duration-ms="13237" started-at="2017-12-03T08:59:23Z" finished-at="2017-12-03T08:59:36Z">
          <reporter-output>
          </reporter-output>
        </test-method> <!-- loginIntoApp -->
        <test-method status="PASS" signature="tearDown()[pri:0, instance:testcases.TC_003_SampleSignInandSignOut@16c48ac]" name="tearDown" is-config="true" duration-ms="1467" started-at="2017-12-03T08:59:36Z" finished-at="2017-12-03T08:59:38Z">
          <reporter-output>
          </reporter-output>
        </test-method> <!-- tearDown -->
      </class> <!-- testcases.TC_003_SampleSignInandSignOut -->
    </test> <!-- Default test -->
  </suite> <!-- Default suite -->
</testng-results>
